{"/Users/ericamendez/Desktop/code/study/fullstackopen/blog-frontend/src/App.jsx": {"path":"/Users/ericamendez/Desktop/code/study/fullstackopen/blog-frontend/src/App.jsx","statementMap":{"0":{"start":{"line":13,"column":28},"end":{"line":13,"column":40}},"1":{"start":{"line":14,"column":28},"end":{"line":14,"column":40}},"2":{"start":{"line":15,"column":24},"end":{"line":15,"column":36}},"3":{"start":{"line":16,"column":30},"end":{"line":16,"column":42}},"4":{"start":{"line":17,"column":30},"end":{"line":17,"column":45}},"5":{"start":{"line":18,"column":30},"end":{"line":18,"column":42}},"6":{"start":{"line":19,"column":34},"end":{"line":19,"column":46}},"7":{"start":{"line":20,"column":34},"end":{"line":20,"column":46}},"8":{"start":{"line":21,"column":26},"end":{"line":21,"column":40}},"9":{"start":{"line":22,"column":42},"end":{"line":22,"column":57}},"10":{"start":{"line":24,"column":2},"end":{"line":35,"column":8}},"11":{"start":{"line":25,"column":23},"end":{"line":28,"column":5}},"12":{"start":{"line":26,"column":23},"end":{"line":26,"column":49}},"13":{"start":{"line":27,"column":6},"end":{"line":27,"column":58}},"14":{"start":{"line":27,"column":39},"end":{"line":27,"column":56}},"15":{"start":{"line":30,"column":4},"end":{"line":34,"column":5}},"16":{"start":{"line":31,"column":6},"end":{"line":31,"column":18}},"17":{"start":{"line":33,"column":6},"end":{"line":33,"column":22}},"18":{"start":{"line":37,"column":2},"end":{"line":44,"column":8}},"19":{"start":{"line":38,"column":27},"end":{"line":38,"column":75}},"20":{"start":{"line":39,"column":4},"end":{"line":43,"column":5}},"21":{"start":{"line":40,"column":19},"end":{"line":40,"column":45}},"22":{"start":{"line":41,"column":6},"end":{"line":41,"column":19}},"23":{"start":{"line":42,"column":6},"end":{"line":42,"column":38}},"24":{"start":{"line":46,"column":29},"end":{"line":66,"column":3}},"25":{"start":{"line":47,"column":4},"end":{"line":65,"column":5}},"26":{"start":{"line":49,"column":6},"end":{"line":49,"column":30}},"27":{"start":{"line":50,"column":6},"end":{"line":50,"column":11}},"28":{"start":{"line":52,"column":6},"end":{"line":52,"column":28}},"29":{"start":{"line":53,"column":6},"end":{"line":53,"column":11}},"30":{"start":{"line":55,"column":6},"end":{"line":55,"column":31}},"31":{"start":{"line":56,"column":6},"end":{"line":56,"column":11}},"32":{"start":{"line":58,"column":6},"end":{"line":58,"column":33}},"33":{"start":{"line":59,"column":6},"end":{"line":59,"column":11}},"34":{"start":{"line":61,"column":6},"end":{"line":61,"column":33}},"35":{"start":{"line":62,"column":6},"end":{"line":62,"column":11}},"36":{"start":{"line":64,"column":6},"end":{"line":64,"column":43}},"37":{"start":{"line":68,"column":27},"end":{"line":89,"column":3}},"38":{"start":{"line":69,"column":20},"end":{"line":75,"column":5}},"39":{"start":{"line":77,"column":20},"end":{"line":80,"column":5}},"40":{"start":{"line":78,"column":27},"end":{"line":78,"column":64}},"41":{"start":{"line":79,"column":6},"end":{"line":79,"column":42}},"42":{"start":{"line":82,"column":4},"end":{"line":86,"column":5}},"43":{"start":{"line":83,"column":6},"end":{"line":83,"column":15}},"44":{"start":{"line":85,"column":6},"end":{"line":85,"column":22}},"45":{"start":{"line":88,"column":4},"end":{"line":88,"column":33}},"46":{"start":{"line":91,"column":21},"end":{"line":98,"column":3}},"47":{"start":{"line":93,"column":4},"end":{"line":93,"column":22}},"48":{"start":{"line":94,"column":4},"end":{"line":94,"column":17}},"49":{"start":{"line":95,"column":4},"end":{"line":95,"column":20}},"50":{"start":{"line":96,"column":4},"end":{"line":96,"column":16}},"51":{"start":{"line":97,"column":4},"end":{"line":97,"column":22}},"52":{"start":{"line":100,"column":25},"end":{"line":114,"column":3}},"53":{"start":{"line":101,"column":4},"end":{"line":101,"column":22}},"54":{"start":{"line":103,"column":21},"end":{"line":103,"column":64}},"55":{"start":{"line":103,"column":44},"end":{"line":103,"column":63}},"56":{"start":{"line":104,"column":24},"end":{"line":104,"column":62}},"57":{"start":{"line":106,"column":25},"end":{"line":108,"column":5}},"58":{"start":{"line":107,"column":6},"end":{"line":107,"column":46}},"59":{"start":{"line":109,"column":4},"end":{"line":109,"column":29}},"60":{"start":{"line":111,"column":4},"end":{"line":111,"column":53}},"61":{"start":{"line":113,"column":4},"end":{"line":113,"column":26}},"62":{"start":{"line":116,"column":22},"end":{"line":129,"column":3}},"63":{"start":{"line":117,"column":15},"end":{"line":117,"column":45}},"64":{"start":{"line":119,"column":21},"end":{"line":119,"column":60}},"65":{"start":{"line":119,"column":44},"end":{"line":119,"column":59}},"66":{"start":{"line":120,"column":24},"end":{"line":120,"column":72}},"67":{"start":{"line":122,"column":22},"end":{"line":124,"column":5}},"68":{"start":{"line":123,"column":6},"end":{"line":123,"column":42}},"69":{"start":{"line":126,"column":4},"end":{"line":126,"column":47}},"70":{"start":{"line":128,"column":4},"end":{"line":128,"column":57}},"71":{"start":{"line":128,"column":38},"end":{"line":128,"column":55}},"72":{"start":{"line":131,"column":23},"end":{"line":143,"column":3}},"73":{"start":{"line":132,"column":4},"end":{"line":134,"column":5}},"74":{"start":{"line":133,"column":6},"end":{"line":133,"column":12}},"75":{"start":{"line":136,"column":15},"end":{"line":136,"column":45}},"76":{"start":{"line":138,"column":25},"end":{"line":138,"column":64}},"77":{"start":{"line":138,"column":48},"end":{"line":138,"column":63}},"78":{"start":{"line":140,"column":4},"end":{"line":140,"column":36}},"79":{"start":{"line":142,"column":4},"end":{"line":142,"column":26}},"80":{"start":{"line":145,"column":22},"end":{"line":167,"column":3}},"81":{"start":{"line":146,"column":4},"end":{"line":146,"column":26}},"82":{"start":{"line":147,"column":4},"end":{"line":147,"column":54}},"83":{"start":{"line":148,"column":4},"end":{"line":166,"column":5}},"84":{"start":{"line":149,"column":19},"end":{"line":152,"column":8}},"85":{"start":{"line":154,"column":6},"end":{"line":154,"column":23}},"86":{"start":{"line":156,"column":6},"end":{"line":156,"column":76}},"87":{"start":{"line":157,"column":6},"end":{"line":157,"column":38}},"88":{"start":{"line":158,"column":6},"end":{"line":158,"column":19}},"89":{"start":{"line":159,"column":6},"end":{"line":159,"column":21}},"90":{"start":{"line":160,"column":6},"end":{"line":160,"column":21}},"91":{"start":{"line":162,"column":6},"end":{"line":162,"column":38}},"92":{"start":{"line":163,"column":6},"end":{"line":165,"column":14}},"93":{"start":{"line":164,"column":8},"end":{"line":164,"column":25}},"94":{"start":{"line":169,"column":23},"end":{"line":173,"column":3}},"95":{"start":{"line":170,"column":4},"end":{"line":170,"column":55}},"96":{"start":{"line":171,"column":4},"end":{"line":171,"column":17}},"97":{"start":{"line":172,"column":4},"end":{"line":172,"column":26}},"98":{"start":{"line":175,"column":26},"end":{"line":177,"column":3}},"99":{"start":{"line":176,"column":4},"end":{"line":176,"column":34}},"100":{"start":{"line":179,"column":2},"end":{"line":214,"column":3}}},"fnMap":{"0":{"name":"App","decl":{"start":{"line":12,"column":9},"end":{"line":12,"column":12}},"loc":{"start":{"line":12,"column":15},"end":{"line":215,"column":1}},"line":12},"1":{"name":"(anonymous_1)","decl":{"start":{"line":24,"column":12},"end":{"line":24,"column":13}},"loc":{"start":{"line":24,"column":18},"end":{"line":35,"column":3}},"line":24},"2":{"name":"(anonymous_2)","decl":{"start":{"line":25,"column":23},"end":{"line":25,"column":24}},"loc":{"start":{"line":25,"column":35},"end":{"line":28,"column":5}},"line":25},"3":{"name":"(anonymous_3)","decl":{"start":{"line":27,"column":29},"end":{"line":27,"column":30}},"loc":{"start":{"line":27,"column":39},"end":{"line":27,"column":56}},"line":27},"4":{"name":"(anonymous_4)","decl":{"start":{"line":37,"column":12},"end":{"line":37,"column":13}},"loc":{"start":{"line":37,"column":18},"end":{"line":44,"column":3}},"line":37},"5":{"name":"(anonymous_5)","decl":{"start":{"line":46,"column":29},"end":{"line":46,"column":30}},"loc":{"start":{"line":46,"column":36},"end":{"line":66,"column":3}},"line":46},"6":{"name":"(anonymous_6)","decl":{"start":{"line":68,"column":27},"end":{"line":68,"column":28}},"loc":{"start":{"line":68,"column":34},"end":{"line":89,"column":3}},"line":68},"7":{"name":"(anonymous_7)","decl":{"start":{"line":77,"column":20},"end":{"line":77,"column":21}},"loc":{"start":{"line":77,"column":32},"end":{"line":80,"column":5}},"line":77},"8":{"name":"(anonymous_8)","decl":{"start":{"line":91,"column":21},"end":{"line":91,"column":22}},"loc":{"start":{"line":91,"column":52},"end":{"line":98,"column":3}},"line":91},"9":{"name":"(anonymous_9)","decl":{"start":{"line":100,"column":25},"end":{"line":100,"column":26}},"loc":{"start":{"line":100,"column":37},"end":{"line":114,"column":3}},"line":100},"10":{"name":"(anonymous_10)","decl":{"start":{"line":103,"column":34},"end":{"line":103,"column":35}},"loc":{"start":{"line":103,"column":44},"end":{"line":103,"column":63}},"line":103},"11":{"name":"(anonymous_11)","decl":{"start":{"line":106,"column":35},"end":{"line":106,"column":36}},"loc":{"start":{"line":107,"column":6},"end":{"line":107,"column":46}},"line":107},"12":{"name":"(anonymous_12)","decl":{"start":{"line":116,"column":22},"end":{"line":116,"column":23}},"loc":{"start":{"line":116,"column":35},"end":{"line":129,"column":3}},"line":116},"13":{"name":"(anonymous_13)","decl":{"start":{"line":119,"column":34},"end":{"line":119,"column":35}},"loc":{"start":{"line":119,"column":44},"end":{"line":119,"column":59}},"line":119},"14":{"name":"(anonymous_14)","decl":{"start":{"line":122,"column":32},"end":{"line":122,"column":33}},"loc":{"start":{"line":123,"column":6},"end":{"line":123,"column":42}},"line":123},"15":{"name":"(anonymous_15)","decl":{"start":{"line":128,"column":28},"end":{"line":128,"column":29}},"loc":{"start":{"line":128,"column":38},"end":{"line":128,"column":55}},"line":128},"16":{"name":"(anonymous_16)","decl":{"start":{"line":131,"column":23},"end":{"line":131,"column":24}},"loc":{"start":{"line":131,"column":36},"end":{"line":143,"column":3}},"line":131},"17":{"name":"(anonymous_17)","decl":{"start":{"line":138,"column":38},"end":{"line":138,"column":39}},"loc":{"start":{"line":138,"column":48},"end":{"line":138,"column":63}},"line":138},"18":{"name":"(anonymous_18)","decl":{"start":{"line":145,"column":22},"end":{"line":145,"column":23}},"loc":{"start":{"line":145,"column":39},"end":{"line":167,"column":3}},"line":145},"19":{"name":"(anonymous_19)","decl":{"start":{"line":163,"column":17},"end":{"line":163,"column":18}},"loc":{"start":{"line":163,"column":23},"end":{"line":165,"column":7}},"line":163},"20":{"name":"(anonymous_20)","decl":{"start":{"line":169,"column":23},"end":{"line":169,"column":24}},"loc":{"start":{"line":169,"column":29},"end":{"line":173,"column":3}},"line":169},"21":{"name":"(anonymous_21)","decl":{"start":{"line":175,"column":26},"end":{"line":175,"column":27}},"loc":{"start":{"line":175,"column":32},"end":{"line":177,"column":3}},"line":175}},"branchMap":{"0":{"loc":{"start":{"line":39,"column":4},"end":{"line":43,"column":5}},"type":"if","locations":[{"start":{"line":39,"column":4},"end":{"line":43,"column":5}},{"start":{},"end":{}}],"line":39},"1":{"loc":{"start":{"line":47,"column":4},"end":{"line":65,"column":5}},"type":"switch","locations":[{"start":{"line":48,"column":4},"end":{"line":50,"column":11}},{"start":{"line":51,"column":4},"end":{"line":53,"column":11}},{"start":{"line":54,"column":4},"end":{"line":56,"column":11}},{"start":{"line":57,"column":4},"end":{"line":59,"column":11}},{"start":{"line":60,"column":4},"end":{"line":62,"column":11}},{"start":{"line":63,"column":4},"end":{"line":64,"column":43}}],"line":47},"2":{"loc":{"start":{"line":107,"column":6},"end":{"line":107,"column":46}},"type":"cond-expr","locations":[{"start":{"line":107,"column":28},"end":{"line":107,"column":39}},{"start":{"line":107,"column":42},"end":{"line":107,"column":46}}],"line":107},"3":{"loc":{"start":{"line":123,"column":6},"end":{"line":123,"column":42}},"type":"cond-expr","locations":[{"start":{"line":123,"column":24},"end":{"line":123,"column":35}},{"start":{"line":123,"column":38},"end":{"line":123,"column":42}}],"line":123},"4":{"loc":{"start":{"line":132,"column":4},"end":{"line":134,"column":5}},"type":"if","locations":[{"start":{"line":132,"column":4},"end":{"line":134,"column":5}},{"start":{},"end":{}}],"line":132},"5":{"loc":{"start":{"line":181,"column":7},"end":{"line":201,"column":7}},"type":"cond-expr","locations":[{"start":{"line":182,"column":8},"end":{"line":190,"column":20}},{"start":{"line":192,"column":8},"end":{"line":200,"column":14}}],"line":181}},"s":{"0":0,"1":0,"2":0,"3":0,"4":0,"5":0,"6":0,"7":0,"8":0,"9":0,"10":0,"11":0,"12":0,"13":0,"14":0,"15":0,"16":0,"17":0,"18":0,"19":0,"20":0,"21":0,"22":0,"23":0,"24":0,"25":0,"26":0,"27":0,"28":0,"29":0,"30":0,"31":0,"32":0,"33":0,"34":0,"35":0,"36":0,"37":0,"38":0,"39":0,"40":0,"41":0,"42":0,"43":0,"44":0,"45":0,"46":0,"47":0,"48":0,"49":0,"50":0,"51":0,"52":0,"53":0,"54":0,"55":0,"56":0,"57":0,"58":0,"59":0,"60":0,"61":0,"62":0,"63":0,"64":0,"65":0,"66":0,"67":0,"68":0,"69":0,"70":0,"71":0,"72":0,"73":0,"74":0,"75":0,"76":0,"77":0,"78":0,"79":0,"80":0,"81":0,"82":0,"83":0,"84":0,"85":0,"86":0,"87":0,"88":0,"89":0,"90":0,"91":0,"92":0,"93":0,"94":0,"95":0,"96":0,"97":0,"98":0,"99":0,"100":0},"f":{"0":0,"1":0,"2":0,"3":0,"4":0,"5":0,"6":0,"7":0,"8":0,"9":0,"10":0,"11":0,"12":0,"13":0,"14":0,"15":0,"16":0,"17":0,"18":0,"19":0,"20":0,"21":0},"b":{"0":[0,0],"1":[0,0,0,0,0,0],"2":[0,0],"3":[0,0],"4":[0,0],"5":[0,0]}}
,"/Users/ericamendez/Desktop/code/study/fullstackopen/blog-frontend/src/main.jsx": {"path":"/Users/ericamendez/Desktop/code/study/fullstackopen/blog-frontend/src/main.jsx","statementMap":{"0":{"start":{"line":5,"column":0},"end":{"line":9,"column":1}}},"fnMap":{},"branchMap":{},"s":{"0":0},"f":{},"b":{}}
,"/Users/ericamendez/Desktop/code/study/fullstackopen/blog-frontend/src/components/BlogForm.jsx": {"path":"/Users/ericamendez/Desktop/code/study/fullstackopen/blog-frontend/src/components/BlogForm.jsx","statementMap":{"0":{"start":{"line":1,"column":17},"end":{"line":23,"column":1}},"1":{"start":{"line":3,"column":2},"end":{"line":22,"column":3}}},"fnMap":{"0":{"name":"(anonymous_0)","decl":{"start":{"line":1,"column":17},"end":{"line":1,"column":18}},"loc":{"start":{"line":1,"column":46},"end":{"line":23,"column":1}},"line":1}},"branchMap":{},"s":{"0":0,"1":0},"f":{"0":0},"b":{}}
,"/Users/ericamendez/Desktop/code/study/fullstackopen/blog-frontend/src/components/Blogs.jsx": {"path":"/Users/ericamendez/Desktop/code/study/fullstackopen/blog-frontend/src/components/Blogs.jsx","statementMap":{"0":{"start":{"line":3,"column":14},"end":{"line":113,"column":1}},"1":{"start":{"line":14,"column":36},"end":{"line":14,"column":48}},"2":{"start":{"line":16,"column":25},"end":{"line":24,"column":3}},"3":{"start":{"line":17,"column":15},"end":{"line":17,"column":45}},"4":{"start":{"line":19,"column":4},"end":{"line":23,"column":5}},"5":{"start":{"line":20,"column":6},"end":{"line":20,"column":63}},"6":{"start":{"line":20,"column":48},"end":{"line":20,"column":61}},"7":{"start":{"line":22,"column":6},"end":{"line":22,"column":38}},"8":{"start":{"line":26,"column":2},"end":{"line":112,"column":3}},"9":{"start":{"line":30,"column":44},"end":{"line":32,"column":9}},"10":{"start":{"line":33,"column":8},"end":{"line":109,"column":9}},"11":{"start":{"line":96,"column":39},"end":{"line":96,"column":88}}},"fnMap":{"0":{"name":"(anonymous_0)","decl":{"start":{"line":3,"column":14},"end":{"line":3,"column":15}},"loc":{"start":{"line":13,"column":6},"end":{"line":113,"column":1}},"line":13},"1":{"name":"(anonymous_1)","decl":{"start":{"line":16,"column":25},"end":{"line":16,"column":26}},"loc":{"start":{"line":16,"column":32},"end":{"line":24,"column":3}},"line":16},"2":{"name":"(anonymous_2)","decl":{"start":{"line":20,"column":36},"end":{"line":20,"column":37}},"loc":{"start":{"line":20,"column":48},"end":{"line":20,"column":61}},"line":20},"3":{"name":"(anonymous_3)","decl":{"start":{"line":29,"column":17},"end":{"line":29,"column":18}},"loc":{"start":{"line":29,"column":27},"end":{"line":110,"column":7}},"line":29},"4":{"name":"(anonymous_4)","decl":{"start":{"line":96,"column":33},"end":{"line":96,"column":34}},"loc":{"start":{"line":96,"column":39},"end":{"line":96,"column":88}},"line":96}},"branchMap":{"0":{"loc":{"start":{"line":19,"column":4},"end":{"line":23,"column":5}},"type":"if","locations":[{"start":{"line":19,"column":4},"end":{"line":23,"column":5}},{"start":{"line":21,"column":11},"end":{"line":23,"column":5}}],"line":19},"1":{"loc":{"start":{"line":31,"column":19},"end":{"line":31,"column":71}},"type":"cond-expr","locations":[{"start":{"line":31,"column":60},"end":{"line":31,"column":62}},{"start":{"line":31,"column":65},"end":{"line":31,"column":71}}],"line":31},"2":{"loc":{"start":{"line":31,"column":19},"end":{"line":31,"column":57}},"type":"binary-expr","locations":[{"start":{"line":31,"column":19},"end":{"line":31,"column":32}},{"start":{"line":31,"column":36},"end":{"line":31,"column":57}}],"line":31},"3":{"loc":{"start":{"line":34,"column":41},"end":{"line":34,"column":126}},"type":"cond-expr","locations":[{"start":{"line":34,"column":73},"end":{"line":34,"column":103}},{"start":{"line":34,"column":106},"end":{"line":34,"column":126}}],"line":34},"4":{"loc":{"start":{"line":34,"column":41},"end":{"line":34,"column":70}},"type":"binary-expr","locations":[{"start":{"line":34,"column":41},"end":{"line":34,"column":45}},{"start":{"line":34,"column":49},"end":{"line":34,"column":70}}],"line":34},"5":{"loc":{"start":{"line":37,"column":17},"end":{"line":45,"column":17}},"type":"cond-expr","locations":[{"start":{"line":38,"column":18},"end":{"line":42,"column":27}},{"start":{"line":44,"column":18},"end":{"line":44,"column":28}}],"line":37},"6":{"loc":{"start":{"line":37,"column":17},"end":{"line":37,"column":46}},"type":"binary-expr","locations":[{"start":{"line":37,"column":17},"end":{"line":37,"column":23}},{"start":{"line":37,"column":27},"end":{"line":37,"column":46}}],"line":37},"7":{"loc":{"start":{"line":49,"column":19},"end":{"line":49,"column":65}},"type":"cond-expr","locations":[{"start":{"line":49,"column":50},"end":{"line":49,"column":56}},{"start":{"line":49,"column":59},"end":{"line":49,"column":65}}],"line":49},"8":{"loc":{"start":{"line":55,"column":16},"end":{"line":57,"column":39}},"type":"cond-expr","locations":[{"start":{"line":56,"column":20},"end":{"line":56,"column":35}},{"start":{"line":57,"column":20},"end":{"line":57,"column":39}}],"line":55},"9":{"loc":{"start":{"line":59,"column":25},"end":{"line":59,"column":73}},"type":"cond-expr","locations":[{"start":{"line":59,"column":57},"end":{"line":59,"column":68}},{"start":{"line":59,"column":71},"end":{"line":59,"column":73}}],"line":59},"10":{"loc":{"start":{"line":59,"column":25},"end":{"line":59,"column":54}},"type":"binary-expr","locations":[{"start":{"line":59,"column":25},"end":{"line":59,"column":29}},{"start":{"line":59,"column":33},"end":{"line":59,"column":54}}],"line":59},"11":{"loc":{"start":{"line":63,"column":17},"end":{"line":71,"column":17}},"type":"cond-expr","locations":[{"start":{"line":64,"column":18},"end":{"line":68,"column":27}},{"start":{"line":70,"column":18},"end":{"line":70,"column":26}}],"line":63},"12":{"loc":{"start":{"line":63,"column":17},"end":{"line":63,"column":46}},"type":"binary-expr","locations":[{"start":{"line":63,"column":17},"end":{"line":63,"column":23}},{"start":{"line":63,"column":27},"end":{"line":63,"column":46}}],"line":63},"13":{"loc":{"start":{"line":75,"column":17},"end":{"line":83,"column":17}},"type":"cond-expr","locations":[{"start":{"line":76,"column":18},"end":{"line":80,"column":27}},{"start":{"line":82,"column":18},"end":{"line":82,"column":29}}],"line":75},"14":{"loc":{"start":{"line":75,"column":17},"end":{"line":75,"column":46}},"type":"binary-expr","locations":[{"start":{"line":75,"column":17},"end":{"line":75,"column":23}},{"start":{"line":75,"column":27},"end":{"line":75,"column":46}}],"line":75},"15":{"loc":{"start":{"line":86,"column":15},"end":{"line":106,"column":15}},"type":"cond-expr","locations":[{"start":{"line":87,"column":16},"end":{"line":87,"column":18}},{"start":{"line":89,"column":16},"end":{"line":105,"column":22}}],"line":86},"16":{"loc":{"start":{"line":92,"column":21},"end":{"line":100,"column":21}},"type":"cond-expr","locations":[{"start":{"line":93,"column":22},"end":{"line":93,"column":58}},{"start":{"line":95,"column":22},"end":{"line":99,"column":31}}],"line":92}},"s":{"0":2,"1":3,"2":3,"3":1,"4":1,"5":0,"6":0,"7":1,"8":3,"9":3,"10":3,"11":0},"f":{"0":3,"1":1,"2":0,"3":3,"4":0},"b":{"0":[0,1],"1":[0,3],"2":[3,3],"3":[0,3],"4":[3,3],"5":[0,3],"6":[3,0],"7":[1,2],"8":[1,2],"9":[0,3],"10":[3,3],"11":[0,3],"12":[3,0],"13":[0,3],"14":[3,0],"15":[0,3],"16":[0,3]},"_coverageSchema":"1a1c01bbd47fc00a2c39e90264f33305004495a9","hash":"0dc871dc78e9b0e37df55f780f629eb21a8586f5"}
,"/Users/ericamendez/Desktop/code/study/fullstackopen/blog-frontend/src/components/Login.jsx": {"path":"/Users/ericamendez/Desktop/code/study/fullstackopen/blog-frontend/src/components/Login.jsx","statementMap":{"0":{"start":{"line":1,"column":14},"end":{"line":9,"column":1}},"1":{"start":{"line":2,"column":2},"end":{"line":8,"column":3}}},"fnMap":{"0":{"name":"(anonymous_0)","decl":{"start":{"line":1,"column":14},"end":{"line":1,"column":15}},"loc":{"start":{"line":1,"column":42},"end":{"line":9,"column":1}},"line":1}},"branchMap":{},"s":{"0":0,"1":0},"f":{"0":0},"b":{}}
,"/Users/ericamendez/Desktop/code/study/fullstackopen/blog-frontend/src/components/LoginForm.jsx": {"path":"/Users/ericamendez/Desktop/code/study/fullstackopen/blog-frontend/src/components/LoginForm.jsx","statementMap":{"0":{"start":{"line":3,"column":18},"end":{"line":37,"column":1}},"1":{"start":{"line":9,"column":2},"end":{"line":36,"column":3}},"2":{"start":{"line":39,"column":0},"end":{"line":44,"column":1}}},"fnMap":{"0":{"name":"(anonymous_0)","decl":{"start":{"line":3,"column":18},"end":{"line":3,"column":19}},"loc":{"start":{"line":8,"column":6},"end":{"line":37,"column":1}},"line":8}},"branchMap":{},"s":{"0":0,"1":0,"2":0},"f":{"0":0},"b":{}}
,"/Users/ericamendez/Desktop/code/study/fullstackopen/blog-frontend/src/components/Togglable.jsx": {"path":"/Users/ericamendez/Desktop/code/study/fullstackopen/blog-frontend/src/components/Togglable.jsx","statementMap":{"0":{"start":{"line":4,"column":18},"end":{"line":32,"column":1}},"1":{"start":{"line":5,"column":32},"end":{"line":5,"column":47}},"2":{"start":{"line":7,"column":26},"end":{"line":7,"column":60}},"3":{"start":{"line":8,"column":26},"end":{"line":8,"column":60}},"4":{"start":{"line":10,"column":27},"end":{"line":12,"column":3}},"5":{"start":{"line":11,"column":4},"end":{"line":11,"column":24}},"6":{"start":{"line":14,"column":2},"end":{"line":31,"column":3}},"7":{"start":{"line":34,"column":0},"end":{"line":36,"column":1}}},"fnMap":{"0":{"name":"(anonymous_0)","decl":{"start":{"line":4,"column":18},"end":{"line":4,"column":19}},"loc":{"start":{"line":4,"column":49},"end":{"line":32,"column":1}},"line":4},"1":{"name":"(anonymous_1)","decl":{"start":{"line":10,"column":27},"end":{"line":10,"column":28}},"loc":{"start":{"line":10,"column":33},"end":{"line":12,"column":3}},"line":10}},"branchMap":{"0":{"loc":{"start":{"line":7,"column":37},"end":{"line":7,"column":58}},"type":"cond-expr","locations":[{"start":{"line":7,"column":47},"end":{"line":7,"column":53}},{"start":{"line":7,"column":56},"end":{"line":7,"column":58}}],"line":7},"1":{"loc":{"start":{"line":8,"column":37},"end":{"line":8,"column":58}},"type":"cond-expr","locations":[{"start":{"line":8,"column":47},"end":{"line":8,"column":49}},{"start":{"line":8,"column":52},"end":{"line":8,"column":58}}],"line":8},"2":{"loc":{"start":{"line":20,"column":23},"end":{"line":20,"column":67}},"type":"cond-expr","locations":[{"start":{"line":20,"column":52},"end":{"line":20,"column":62}},{"start":{"line":20,"column":65},"end":{"line":20,"column":67}}],"line":20}},"s":{"0":1,"1":7,"2":7,"3":7,"4":7,"5":3,"6":7,"7":1},"f":{"0":7,"1":3},"b":{"0":[2,5],"1":[2,5],"2":[0,7]},"_coverageSchema":"1a1c01bbd47fc00a2c39e90264f33305004495a9","hash":"7117a64d6c25b6d09f1dca6c9fb058738d78394b"}
,"/Users/ericamendez/Desktop/code/study/fullstackopen/blog-frontend/src/services/blogs.js": {"path":"/Users/ericamendez/Desktop/code/study/fullstackopen/blog-frontend/src/services/blogs.js","statementMap":{"0":{"start":{"line":2,"column":16},"end":{"line":2,"column":28}},"1":{"start":{"line":4,"column":12},"end":{"line":4,"column":16}},"2":{"start":{"line":6,"column":17},"end":{"line":8,"column":1}},"3":{"start":{"line":7,"column":2},"end":{"line":7,"column":30}},"4":{"start":{"line":10,"column":15},"end":{"line":13,"column":1}},"5":{"start":{"line":11,"column":18},"end":{"line":11,"column":42}},"6":{"start":{"line":12,"column":2},"end":{"line":12,"column":21}},"7":{"start":{"line":15,"column":19},"end":{"line":18,"column":1}},"8":{"start":{"line":16,"column":18},"end":{"line":16,"column":64}},"9":{"start":{"line":17,"column":2},"end":{"line":17,"column":21}},"10":{"start":{"line":20,"column":17},"end":{"line":23,"column":1}},"11":{"start":{"line":21,"column":18},"end":{"line":21,"column":66}},"12":{"start":{"line":22,"column":2},"end":{"line":22,"column":21}},"13":{"start":{"line":25,"column":19},"end":{"line":33,"column":1}},"14":{"start":{"line":26,"column":17},"end":{"line":29,"column":3}},"15":{"start":{"line":31,"column":18},"end":{"line":31,"column":62}},"16":{"start":{"line":32,"column":2},"end":{"line":32,"column":21}},"17":{"start":{"line":35,"column":19},"end":{"line":43,"column":1}},"18":{"start":{"line":36,"column":17},"end":{"line":39,"column":3}},"19":{"start":{"line":41,"column":18},"end":{"line":41,"column":58}},"20":{"start":{"line":42,"column":2},"end":{"line":42,"column":48}},"21":{"start":{"line":42,"column":34},"end":{"line":42,"column":47}}},"fnMap":{"0":{"name":"(anonymous_0)","decl":{"start":{"line":6,"column":17},"end":{"line":6,"column":18}},"loc":{"start":{"line":6,"column":29},"end":{"line":8,"column":1}},"line":6},"1":{"name":"(anonymous_1)","decl":{"start":{"line":10,"column":15},"end":{"line":10,"column":16}},"loc":{"start":{"line":10,"column":27},"end":{"line":13,"column":1}},"line":10},"2":{"name":"(anonymous_2)","decl":{"start":{"line":15,"column":19},"end":{"line":15,"column":20}},"loc":{"start":{"line":15,"column":44},"end":{"line":18,"column":1}},"line":15},"3":{"name":"(anonymous_3)","decl":{"start":{"line":20,"column":17},"end":{"line":20,"column":18}},"loc":{"start":{"line":20,"column":38},"end":{"line":23,"column":1}},"line":20},"4":{"name":"(anonymous_4)","decl":{"start":{"line":25,"column":19},"end":{"line":25,"column":20}},"loc":{"start":{"line":25,"column":40},"end":{"line":33,"column":1}},"line":25},"5":{"name":"(anonymous_5)","decl":{"start":{"line":35,"column":19},"end":{"line":35,"column":20}},"loc":{"start":{"line":35,"column":33},"end":{"line":43,"column":1}},"line":35},"6":{"name":"(anonymous_6)","decl":{"start":{"line":42,"column":22},"end":{"line":42,"column":23}},"loc":{"start":{"line":42,"column":34},"end":{"line":42,"column":47}},"line":42}},"branchMap":{},"s":{"0":0,"1":0,"2":0,"3":0,"4":0,"5":0,"6":0,"7":0,"8":0,"9":0,"10":0,"11":0,"12":0,"13":0,"14":0,"15":0,"16":0,"17":0,"18":0,"19":0,"20":0,"21":0},"f":{"0":0,"1":0,"2":0,"3":0,"4":0,"5":0,"6":0},"b":{}}
,"/Users/ericamendez/Desktop/code/study/fullstackopen/blog-frontend/src/services/login.js": {"path":"/Users/ericamendez/Desktop/code/study/fullstackopen/blog-frontend/src/services/login.js","statementMap":{"0":{"start":{"line":2,"column":16},"end":{"line":2,"column":28}},"1":{"start":{"line":4,"column":14},"end":{"line":7,"column":1}},"2":{"start":{"line":5,"column":19},"end":{"line":5,"column":57}},"3":{"start":{"line":6,"column":2},"end":{"line":6,"column":22}}},"fnMap":{"0":{"name":"(anonymous_0)","decl":{"start":{"line":4,"column":14},"end":{"line":4,"column":15}},"loc":{"start":{"line":4,"column":37},"end":{"line":7,"column":1}},"line":4}},"branchMap":{},"s":{"0":0,"1":0,"2":0,"3":0},"f":{"0":0},"b":{}}
}
